ERROR [2021-01-29 14:03:59] [ERROR] object 'dataTables_only' not found

Created dump file: dump_2021-01-29_at_14-03-58.856_PID_99779.rda

Compact call stack:
  1 tryLog(for (dp_num in 1:length(unique_datapackage_ids)) {
  2 get_entities().R#41: .handleSimpleError(function (c) 


ERROR [2021-01-29 14:05:48] [ERROR] object 'dataTables_only' not found

Created dump file: dump_2021-01-29_at_14-05-48.362_PID_99779.rda

Compact call stack:
  1 tryLog(for (dp_num in 1:length(unique_datapackage_ids)) {
  2 get_entities().R#41: .handleSimpleError(function (c) 


ERROR [2021-02-01 15:17:57] [ERROR] object 'current_metadata_pid' not found

Created dump file: dump_2021-02-01_at_15-17-57.504_PID_99779.rda

Compact call stack:
  1 tryLog(for (dp_num in 1:length(unique_datapackage_ids)) {


ERROR [2021-02-01 15:19:20] [ERROR] object 'current_metadata_pid' not found

Created dump file: dump_2021-02-01_at_15-19-20.065_PID_99779.rda

Compact call stack:
  1 tryLog(for (dp_num in 1:length(unique_datapackage_ids)) {


ERROR [2021-02-01 15:24:30] [ERROR] $ operator is invalid for atomic vectors

Created dump file: dump_2021-02-01_at_15-24-30.368_PID_99779.rda

Compact call stack:
  1 tryLog(for (dp_num in 1:length(unique_datapackage_ids)) {
  2 process_entities_by_type().R#15: annotate_attributes(doc, entity_num, dataTable_or_otherEntity, all_named_entities[[entity_num]])
  3 annotate_attributes().R#27: .handleSimpleError(function (c) 


ERROR [2021-02-01 15:30:06] [ERROR] $ operator is invalid for atomic vectors

Created dump file: dump_2021-02-01_at_15-30-06.112_PID_99779.rda

Compact call stack:
  1 tryLog(for (dp_num in 1:length(unique_datapackage_ids)) {
  2 process_entities_by_type().R#15: annotate_attributes(doc, entity_num, dataTable_or_otherEntity, all_named_entities[[entity_num]])
  3 annotate_attributes().R#27: .handleSimpleError(function (c) 


ERROR [2021-02-01 15:46:49] [ERROR] $ operator is invalid for atomic vectors

Created dump file: dump_2021-02-01_at_15-46-49.490_PID_99779.rda

Compact call stack:
  1 tryLog(for (dp_num in 1:length(unique_datapackage_ids)) {
  2 process_entities_by_type().R#15: annotate_attributes(doc, entity_num, dataTable_or_otherEntity, all_named_entities[[entity_num]])
  3 annotate_attributes().R#27: .handleSimpleError(function (c) 


ERROR [2021-02-01 22:19:43] [ERROR] $ operator is invalid for atomic vectors

Created dump file: dump_2021-02-01_at_22-19-43.594_PID_99779.rda

Compact call stack:
  1 tryLog(for (dp_num in 1:length(unique_datapackage_ids)) {
  2 process_entities_by_type().R#15: annotate_attributes(doc, entity_num, dataTable_or_otherEntity, all_named_entities[[entity_num]])
  3 annotate_attributes().R#35: .handleSimpleError(function (c) 


ERROR [2021-02-02 10:59:39] [ERROR] object 'current_attribute_subset' not found

Created dump file: dump_2021-02-02_at_10-59-38.985_PID_99779.rda

Compact call stack:
  1 tryLog(for (dp_num in 1:length(unique_datapackage_ids)) {
  2 process_entities_by_type().R#18: annotate_attributes(doc, entity_num, dataTable_or_otherEntity, all_named_entities[[entity_num]])
  3 annotate_attributes().R#65: .handleSimpleError(function (c) 


ERROR [2021-02-03 10:11:47] [ERROR] Problem with `filter()` input `..1`.
[31mx[39m Input `..1` must be of size 2 or 1, not size 0.
[34mℹ[39m Input `..1` is `entityName == current_entityName_from_eml`.

Created dump file: dump_2021-02-03_at_10-11-47.570_PID_99779.rda

Compact call stack:
  1 tryLog(for (dp_num in 1:length(unique_datapackage_ids)) {
  2 process_entities_by_type().R#20: annotate_attributes(doc, entity_num, dataTable_or_otherEntity, all_named_entities[[entity_num]],
  3 annotate_attributes().R#23: current_datapackage_subset %>% filter(entityName == current_entityName_from_eml)


ERROR [2021-02-18 14:03:35] [ERROR] Problem with `filter()` input `..1`.
[31mx[39m Input `..1` must be of size 2 or 1, not size 0.
[34mℹ[39m Input `..1` is `entityName == current_entityName_from_eml`.

Created dump file: dump_2021-02-18_at_14-03-35.370_PID_74436.rda

Compact call stack:
  1 tryLog(for (dp_num in 1:length(unique_datapackage_ids)) {
  2 process_entities_by_type().R#20: annotate_attributes(doc, entity_num, dataTable_or_otherEntity, all_entities_byType[[entity_num]], single_entity)
  3 annotate_attributes().R#24: current_datapackage_subset %>% filter(entityName == current_entityName_from_eml)


ERROR [2021-02-18 17:35:02] [ERROR] could not find function "build_attributeID"

Created dump file: dump_2021-02-18_at_17-35-02.107_PID_74436.rda

Compact call stack:
  1 tryLog(for (dp_num in 1:length(unique_datapackage_ids)) {
  2 process_entities_by_type().R#20: annotate_attributes(doc, entity_num, dataTable_or_otherEntity, all_entities_byType[[entity_num]], is_single
  3 annotate_attributes().R#156: .handleSimpleError(function (c) 


